<?xml version="1.0" encoding="UTF-8"?>
<testsuite xmlns:xsi="http://www.w3.org/2001/XMLSchema-instance" xsi:noNamespaceSchemaLocation="https://maven.apache.org/surefire/maven-surefire-plugin/xsd/surefire-test-report-3.0.xsd" version="3.0" name="coe528.lab1.FlightTest" time="0.169" tests="18" errors="0" skipped="0" failures="0">
  <properties>
    <property name="java.specification.version" value="20"/>
    <property name="sun.cpu.isalist" value="amd64"/>
    <property name="sun.jnu.encoding" value="Cp1252"/>
    <property name="java.class.path" value="C:\Users\koopa\OneDrive\Documents\NetBeansProjects\FlightBooking\target\test-classes;C:\Users\koopa\OneDrive\Documents\NetBeansProjects\FlightBooking\target\classes;C:\Users\koopa\.m2\repository\org\junit\jupiter\junit-jupiter-api\5.6.0\junit-jupiter-api-5.6.0.jar;C:\Users\koopa\.m2\repository\org\apiguardian\apiguardian-api\1.1.0\apiguardian-api-1.1.0.jar;C:\Users\koopa\.m2\repository\org\opentest4j\opentest4j\1.2.0\opentest4j-1.2.0.jar;C:\Users\koopa\.m2\repository\org\junit\platform\junit-platform-commons\1.6.0\junit-platform-commons-1.6.0.jar;C:\Users\koopa\.m2\repository\org\junit\jupiter\junit-jupiter-params\5.6.0\junit-jupiter-params-5.6.0.jar;C:\Users\koopa\.m2\repository\org\junit\jupiter\junit-jupiter-engine\5.6.0\junit-jupiter-engine-5.6.0.jar;C:\Users\koopa\.m2\repository\org\junit\platform\junit-platform-engine\1.6.0\junit-platform-engine-1.6.0.jar;"/>
    <property name="java.vm.vendor" value="Oracle Corporation"/>
    <property name="sun.arch.data.model" value="64"/>
    <property name="user.variant" value=""/>
    <property name="java.vendor.url" value="https://java.oracle.com/"/>
    <property name="user.timezone" value="America/New_York"/>
    <property name="os.name" value="Windows 10"/>
    <property name="java.vm.specification.version" value="20"/>
    <property name="user.country" value="CA"/>
    <property name="sun.java.launcher" value="SUN_STANDARD"/>
    <property name="sun.boot.library.path" value="C:\Program Files\Java\jdk-20\bin"/>
    <property name="sun.java.command" value="C:\Users\koopa\AppData\Local\Temp\surefire11155188263565985044\surefirebooter-20240123202105334_3.jar C:\Users\koopa\AppData\Local\Temp\surefire11155188263565985044 2024-01-23T20-21-05_072-jvmRun1 surefire-20240123202105334_1tmp surefire_0-20240123202105334_2tmp"/>
    <property name="jdk.debug" value="release"/>
    <property name="test" value="coe528.lab1.FlightTest"/>
    <property name="surefire.test.class.path" value="C:\Users\koopa\OneDrive\Documents\NetBeansProjects\FlightBooking\target\test-classes;C:\Users\koopa\OneDrive\Documents\NetBeansProjects\FlightBooking\target\classes;C:\Users\koopa\.m2\repository\org\junit\jupiter\junit-jupiter-api\5.6.0\junit-jupiter-api-5.6.0.jar;C:\Users\koopa\.m2\repository\org\apiguardian\apiguardian-api\1.1.0\apiguardian-api-1.1.0.jar;C:\Users\koopa\.m2\repository\org\opentest4j\opentest4j\1.2.0\opentest4j-1.2.0.jar;C:\Users\koopa\.m2\repository\org\junit\platform\junit-platform-commons\1.6.0\junit-platform-commons-1.6.0.jar;C:\Users\koopa\.m2\repository\org\junit\jupiter\junit-jupiter-params\5.6.0\junit-jupiter-params-5.6.0.jar;C:\Users\koopa\.m2\repository\org\junit\jupiter\junit-jupiter-engine\5.6.0\junit-jupiter-engine-5.6.0.jar;C:\Users\koopa\.m2\repository\org\junit\platform\junit-platform-engine\1.6.0\junit-platform-engine-1.6.0.jar;"/>
    <property name="sun.cpu.endian" value="little"/>
    <property name="user.home" value="C:\Users\koopa"/>
    <property name="user.language" value="en"/>
    <property name="java.specification.vendor" value="Oracle Corporation"/>
    <property name="java.version.date" value="2023-07-18"/>
    <property name="java.home" value="C:\Program Files\Java\jdk-20"/>
    <property name="file.separator" value="\"/>
    <property name="basedir" value="C:\Users\koopa\OneDrive\Documents\NetBeansProjects\FlightBooking"/>
    <property name="java.vm.compressedOopsMode" value="Zero based"/>
    <property name="line.separator" value="&#10;"/>
    <property name="java.vm.specification.vendor" value="Oracle Corporation"/>
    <property name="java.specification.name" value="Java Platform API Specification"/>
    <property name="surefire.real.class.path" value="C:\Users\koopa\AppData\Local\Temp\surefire11155188263565985044\surefirebooter-20240123202105334_3.jar"/>
    <property name="user.script" value=""/>
    <property name="sun.management.compiler" value="HotSpot 64-Bit Tiered Compilers"/>
    <property name="java.runtime.version" value="20.0.2+9-78"/>
    <property name="user.name" value="koopa"/>
    <property name="stdout.encoding" value="Cp1252"/>
    <property name="path.separator" value=";"/>
    <property name="os.version" value="10.0"/>
    <property name="java.runtime.name" value="Java(TM) SE Runtime Environment"/>
    <property name="file.encoding" value="UTF-8"/>
    <property name="java.vm.name" value="Java HotSpot(TM) 64-Bit Server VM"/>
    <property name="maven.ext.class.path" value="D:\JAVA IDE\NetBeans-19\netbeans\java\maven-nblib\netbeans-eventspy.jar"/>
    <property name="localRepository" value="C:\Users\koopa\.m2\repository"/>
    <property name="java.vendor.url.bug" value="https://bugreport.java.com/bugreport/"/>
    <property name="java.io.tmpdir" value="C:\Users\koopa\AppData\Local\Temp\"/>
    <property name="java.version" value="20.0.2"/>
    <property name="user.dir" value="C:\Users\koopa\OneDrive\Documents\NetBeansProjects\FlightBooking"/>
    <property name="os.arch" value="amd64"/>
    <property name="java.vm.specification.name" value="Java Virtual Machine Specification"/>
    <property name="sun.os.patch.level" value=""/>
    <property name="native.encoding" value="Cp1252"/>
    <property name="java.library.path" value="C:\Program Files\Java\jdk-20\bin;C:\Windows\Sun\Java\bin;C:\Windows\system32;C:\Windows;C:\Program Files\Common Files\Oracle\Java\javapath;C:\Windows\system32;C:\Windows;C:\Windows\System32\Wbem;C:\Windows\System32\WindowsPowerShell\v1.0\;C:\Windows\System32\OpenSSH\;C:\Program Files (x86)\Bitvise SSH Client;C:\Users\koopa\AppData\Local\Microsoft\WindowsApps;;C:\altera\13.0sp1\modelsim_ase\win32aloem;."/>
    <property name="java.vm.info" value="mixed mode, sharing"/>
    <property name="stderr.encoding" value="Cp1252"/>
    <property name="java.vendor" value="Oracle Corporation"/>
    <property name="java.vm.version" value="20.0.2+9-78"/>
    <property name="sun.io.unicode.encoding" value="UnicodeLittle"/>
    <property name="java.class.version" value="64.0"/>
  </properties>
  <testcase name="testSetOriginalPrice" classname="coe528.lab1.FlightTest" time="0.042">
    <system-out><![CDATA[setOriginalPrice
]]></system-out>
  </testcase>
  <testcase name="testBookASeat" classname="coe528.lab1.FlightTest" time="0.001">
    <system-out><![CDATA[bookASeat
]]></system-out>
  </testcase>
  <testcase name="testToString" classname="coe528.lab1.FlightTest" time="0.026">
    <system-out><![CDATA[toString
]]></system-out>
  </testcase>
  <testcase name="testGetFlightNumber" classname="coe528.lab1.FlightTest" time="0.002">
    <system-out><![CDATA[getFlightNumber
]]></system-out>
  </testcase>
  <testcase name="testSetDestination" classname="coe528.lab1.FlightTest" time="0.006">
    <system-out><![CDATA[setDestination
java.lang.IllegalArgumentException: Flight No. 100 has the same location for both Origin and Destination.
]]></system-out>
  </testcase>
  <testcase name="testGetOriginalPrice" classname="coe528.lab1.FlightTest" time="0.003">
    <system-out><![CDATA[getOriginalPrice
]]></system-out>
  </testcase>
  <testcase name="testSetFlightNumber" classname="coe528.lab1.FlightTest" time="0.002">
    <system-out><![CDATA[setFlightNumber
]]></system-out>
  </testcase>
  <testcase name="testSetNumberOfSeatsLeft" classname="coe528.lab1.FlightTest" time="0.003">
    <system-out><![CDATA[setNumberOfSeatsLeft
]]></system-out>
  </testcase>
  <testcase name="testSetDepartureTime" classname="coe528.lab1.FlightTest" time="0.002">
    <system-out><![CDATA[setDepartureTime
]]></system-out>
  </testcase>
  <testcase name="testInvalidConstructor" classname="coe528.lab1.FlightTest" time="0.001">
    <system-out><![CDATA[InValid Constructor
java.lang.IllegalArgumentException: Origin cannot be the same location as destination.
Invalid Constructor is VALID, since an exception was thrown BUT COUGHT.
]]></system-out>
  </testcase>
  <testcase name="testGetNumberOfSeatsLeft" classname="coe528.lab1.FlightTest" time="0.002">
    <system-out><![CDATA[getNumberOfSeatsLeft
]]></system-out>
  </testcase>
  <testcase name="testGetDestination" classname="coe528.lab1.FlightTest" time="0.001">
    <system-out><![CDATA[getDestination
]]></system-out>
  </testcase>
  <testcase name="testSetOrigin" classname="coe528.lab1.FlightTest" time="0.001">
    <system-out><![CDATA[setOrigin
java.lang.IllegalArgumentException: Flight No. 100 has the same location for both Origin and Destination.
]]></system-out>
  </testcase>
  <testcase name="testSetCapacity" classname="coe528.lab1.FlightTest" time="0.002">
    <system-out><![CDATA[setCapacity
]]></system-out>
  </testcase>
  <testcase name="testGetCapacity" classname="coe528.lab1.FlightTest" time="0.001">
    <system-out><![CDATA[getCapacity
]]></system-out>
  </testcase>
  <testcase name="testGetOrigin" classname="coe528.lab1.FlightTest" time="0.002">
    <system-out><![CDATA[getOrigin
]]></system-out>
  </testcase>
  <testcase name="testGetDepartureTime" classname="coe528.lab1.FlightTest" time="0.002">
    <system-out><![CDATA[getDepartureTime
]]></system-out>
  </testcase>
  <testcase name="testConstructor" classname="coe528.lab1.FlightTest" time="0.003">
    <system-out><![CDATA[Valid Constructor
Constructor is VALID, since no exception was thrown.
]]></system-out>
  </testcase>
</testsuite>